<?xml version="1.0" encoding="UTF-8"?>
<!-- Generated by org.testng.reporters.JUnitReportReporter -->
<testsuite hostname="WTBLAPA707" failures="0" tests="1" name="seleniumcodes.PropertyFileExample" time="17.055" errors="0" timestamp="2021-12-24T17:00:48 IST" skipped="0">
  <testcase classname="seleniumcodes.PropertyFileExample" name="propertyFileCheck" time="17.055"/>
  <system-out/>
</testsuite> <!-- seleniumcodes.PropertyFileExample -->
