<?xml version="1.0" encoding="UTF-8"?>
<!-- Generated by org.testng.reporters.JUnitReportReporter -->
<testsuite hostname="WTBLAPA707" failures="0" tests="1" name="seleniumcodes.VerifyImages" time="8.160" errors="0" timestamp="2021-12-23T11:06:39 IST" skipped="0">
  <testcase classname="seleniumcodes.VerifyImages" name="listb" time="8.160"/>
  <system-out/>
</testsuite> <!-- seleniumcodes.VerifyImages -->
