<?xml version="1.0" encoding="UTF-8"?>
<!-- Generated by org.testng.reporters.JUnitReportReporter -->
<testsuite hostname="WTBLAPA707" failures="0" tests="1" name="seleniumcodes.Screenshot" time="7.173" errors="0" timestamp="2021-10-22T10:14:10 IST" skipped="0">
  <testcase classname="seleniumcodes.Screenshot" name="abc" time="7.173"/>
  <system-out/>
</testsuite> <!-- seleniumcodes.Screenshot -->
