<?xml version="1.0" encoding="UTF-8"?>
<!-- Generated by org.testng.reporters.JUnitReportReporter -->
<testsuite hostname="WTBLAPA707" failures="0" tests="3" name="seleniumcodes.DataProviderExample" time="34.837" errors="0" timestamp="2021-10-23T12:55:21 IST" skipped="0">
  <testcase classname="seleniumcodes.DataProviderExample" name="m1" time="10.184"/>
  <system-out/>
  <testcase classname="seleniumcodes.DataProviderExample" name="m1" time="10.970"/>
  <system-out/>
  <testcase classname="seleniumcodes.DataProviderExample" name="m1" time="13.683"/>
  <system-out/>
</testsuite> <!-- seleniumcodes.DataProviderExample -->
