<?xml version="1.0" encoding="UTF-8"?>
<!-- Generated by org.testng.reporters.JUnitReportReporter -->
<testsuite hostname="WTBLAPA707" failures="0" tests="2" name="seleniumcodes.Demo12" time="17.641" errors="0" timestamp="2021-10-22T10:14:10 IST" skipped="0">
  <testcase classname="seleniumcodes.Demo12" name="def" time="8.226"/>
  <system-out/>
  <testcase classname="seleniumcodes.Demo12" name="ghi" time="9.415"/>
  <system-out/>
</testsuite> <!-- seleniumcodes.Demo12 -->
