<?xml version="1.0" encoding="UTF-8"?>
<!-- Generated by org.testng.reporters.JUnitReportReporter -->
<testsuite hostname="WTBLAPA707" failures="0" tests="4" name="seleniumcodes.GroupsExample" time="0.021" errors="0" timestamp="2021-10-23T12:01:24 IST" skipped="0">
  <testcase classname="seleniumcodes.GroupsExample" name="m2" time="0.001"/>
  <system-out/>
  <testcase classname="seleniumcodes.GroupsExample" name="m3" time="0.001"/>
  <system-out/>
  <testcase classname="seleniumcodes.GroupsExample" name="m4" time="0.001"/>
  <system-out/>
  <testcase classname="seleniumcodes.GroupsExample" name="m1" time="0.018"/>
  <system-out/>
</testsuite> <!-- seleniumcodes.GroupsExample -->
