<?xml version="1.0" encoding="UTF-8"?>
<!-- Generated by org.testng.reporters.JUnitReportReporter -->
<testsuite hostname="WTBLAPA707" failures="0" tests="1" name="actions.OpenLinkInNewTab" time="10.033" errors="0" timestamp="2021-12-23T00:36:21 IST" skipped="0">
  <testcase classname="actions.OpenLinkInNewTab" name="click" time="10.033"/>
  <system-out/>
</testsuite> <!-- actions.OpenLinkInNewTab -->
