<?xml version="1.0" encoding="UTF-8"?>
<!-- Generated by org.testng.reporters.JUnitReportReporter -->
<testsuite hostname="WTBLAPA707" failures="0" tests="1" name="seleniumcodes.Parameterization" time="12.418" errors="0" timestamp="2021-10-23T12:44:37 IST" skipped="0">
  <testcase classname="seleniumcodes.Parameterization" name="m1" time="12.418"/>
  <system-out/>
</testsuite> <!-- seleniumcodes.Parameterization -->
