<?xml version="1.0" encoding="UTF-8"?>
<!-- Generated by org.testng.reporters.JUnitReportReporter -->
<testsuite hostname="WTBLAPA707" failures="0" tests="1" name="seleniumcodes.VerifyCheckbox" time="8.773" errors="0" timestamp="2021-12-23T11:32:13 IST" skipped="0">
  <testcase classname="seleniumcodes.VerifyCheckbox" name="listb" time="8.773"/>
  <system-out/>
</testsuite> <!-- seleniumcodes.VerifyCheckbox -->
