<?xml version="1.0" encoding="UTF-8"?>
<!-- Generated by org.testng.reporters.JUnitReportReporter -->
<testsuite hostname="WTBLAPA707" failures="0" tests="1" name="select.HandlngListbox" time="8.976" errors="0" timestamp="2021-12-23T01:34:14 IST" skipped="0">
  <testcase classname="select.HandlngListbox" name="listb" time="8.976"/>
  <system-out/>
</testsuite> <!-- select.HandlngListbox -->
