<?xml version="1.0" encoding="UTF-8"?>
<!-- Generated by org.testng.reporters.JUnitReportReporter -->
<testsuite hostname="WTBLAPA707" failures="0" tests="1" name="actions.ContextClick" time="10.829" errors="0" timestamp="2021-12-23T00:32:50 IST" skipped="0">
  <testcase classname="actions.ContextClick" name="click" time="10.829"/>
  <system-out/>
</testsuite> <!-- actions.ContextClick -->
